Using pre-set license
Built from '2022.3/staging' branch; Version is '2022.3.4f1 (35713cd46cd7) revision 3502396'; Using compiler version '192829333'; Build Type 'Release'
OS: 'Windows 10  (10.0.19045) 64bit Enterprise' Language: 'en' Physical Memory: 32512 MB
BatchMode: 1, IsHumanControllingUs: 0, StartBugReporterOnCrash: 0, Is64bit: 1, IsPro: 1

COMMAND LINE ARGUMENTS:
C:\Program Files\Unity\Hub\Editor\2022.3.4f1\Editor\Unity.exe
-adb2
-batchMode
-noUpm
-name
AssetImportWorker0
-projectPath
C:/Users/h018061n/Documents/NuclearGame/Assets
-logFile
Logs/AssetImportWorker0.log
-srvPort
54605
Successfully changed project path to: C:/Users/h018061n/Documents/NuclearGame/Assets
C:/Users/h018061n/Documents/NuclearGame/Assets
[UnityMemory] Configuration Parameters - Can be set up in boot.config
    "memorysetup-bucket-allocator-granularity=16"
    "memorysetup-bucket-allocator-bucket-count=8"
    "memorysetup-bucket-allocator-block-size=33554432"
    "memorysetup-bucket-allocator-block-count=8"
    "memorysetup-main-allocator-block-size=16777216"
    "memorysetup-thread-allocator-block-size=16777216"
    "memorysetup-gfx-main-allocator-block-size=16777216"
    "memorysetup-gfx-thread-allocator-block-size=16777216"
    "memorysetup-cache-allocator-block-size=4194304"
    "memorysetup-typetree-allocator-block-size=2097152"
    "memorysetup-profiler-bucket-allocator-granularity=16"
    "memorysetup-profiler-bucket-allocator-bucket-count=8"
    "memorysetup-profiler-bucket-allocator-block-size=33554432"
    "memorysetup-profiler-bucket-allocator-block-count=8"
    "memorysetup-profiler-allocator-block-size=16777216"
    "memorysetup-profiler-editor-allocator-block-size=1048576"
    "memorysetup-temp-allocator-size-main=16777216"
    "memorysetup-job-temp-allocator-block-size=2097152"
    "memorysetup-job-temp-allocator-block-size-background=1048576"
    "memorysetup-job-temp-allocator-reduction-small-platforms=262144"
    "memorysetup-allocator-temp-initial-block-size-main=262144"
    "memorysetup-allocator-temp-initial-block-size-worker=262144"
    "memorysetup-temp-allocator-size-background-worker=32768"
    "memorysetup-temp-allocator-size-job-worker=262144"
    "memorysetup-temp-allocator-size-preload-manager=33554432"
    "memorysetup-temp-allocator-size-nav-mesh-worker=65536"
    "memorysetup-temp-allocator-size-audio-worker=65536"
    "memorysetup-temp-allocator-size-cloud-worker=32768"
    "memorysetup-temp-allocator-size-gi-baking-worker=262144"
    "memorysetup-temp-allocator-size-gfx=262144"
Player connection [16576] Host "[IP] 10.6.116.76 [Port] 0 [Flags] 2 [Guid] 1560339494 [EditorId] 1560339494 [Version] 1048832 [Id] WindowsEditor(7,A013-13) [Debug] 1 [PackageName] WindowsEditor [ProjectName] Editor" joined multi-casting on [225.0.0.222:54997]...

Player connection [16576] Host "[IP] 10.6.116.76 [Port] 0 [Flags] 2 [Guid] 1560339494 [EditorId] 1560339494 [Version] 1048832 [Id] WindowsEditor(7,A013-13) [Debug] 1 [PackageName] WindowsEditor [ProjectName] Editor" joined alternative multi-casting on [225.0.0.222:34997]...

Refreshing native plugins compatible for Editor in 0.00 ms, found 0 plugins.
Preloading 0 native plugins for Editor in 0.00 ms.
Initialize engine version: 2022.3.4f1 (35713cd46cd7)
[Subsystems] Discovering subsystems at path C:/Program Files/Unity/Hub/Editor/2022.3.4f1/Editor/Data/Resources/UnitySubsystems
[Subsystems] Discovering subsystems at path C:/Users/h018061n/Documents/NuclearGame/Assets/Assets
GfxDevice: creating device client; threaded=0; jobified=0
Direct3D:
    Version:  Direct3D 11.0 [level 11.1]
    Renderer: NVIDIA GeForce RTX 3080 (ID=0x2206)
    Vendor:   NVIDIA
    VRAM:     10067 MB
    Driver:   31.0.15.3770
Initialize mono
Mono path[0] = 'C:/Program Files/Unity/Hub/Editor/2022.3.4f1/Editor/Data/Managed'
Mono path[1] = 'C:/Program Files/Unity/Hub/Editor/2022.3.4f1/Editor/Data/MonoBleedingEdge/lib/mono/unityjit-win32'
Mono config path = 'C:/Program Files/Unity/Hub/Editor/2022.3.4f1/Editor/Data/MonoBleedingEdge/etc'
Using monoOptions --debugger-agent=transport=dt_socket,embedding=1,server=y,suspend=n,address=127.0.0.1:56672
Begin MonoManager ReloadAssembly
Registering precompiled unity dll's ...
Register platform support module: C:/Program Files/Unity/Hub/Editor/2022.3.4f1/Editor/Data/PlaybackEngines/WebGLSupport/UnityEditor.WebGL.Extensions.dll
Register platform support module: C:/Program Files/Unity/Hub/Editor/2022.3.4f1/Editor/Data/PlaybackEngines/AndroidPlayer/UnityEditor.Android.Extensions.dll
Register platform support module: C:/Program Files/Unity/Hub/Editor/2022.3.4f1/Editor/Data/PlaybackEngines/WindowsStandaloneSupport/UnityEditor.WindowsStandalone.Extensions.dll
Registered in 0.008597 seconds.
- Loaded All Assemblies, in  0.308 seconds
Native extension for WindowsStandalone target not found
Native extension for Android target not found
Android Extension - Scanning For ADB Devices 2201 ms
Native extension for WebGL target not found
Mono: successfully reloaded assembly
- Finished resetting the current domain, in  2.520 seconds
Domain Reload Profiling: 2826ms
	BeginReloadAssembly (76ms)
		ExecutionOrderSort (0ms)
		DisableScriptedObjects (0ms)
		BackupInstance (0ms)
		ReleaseScriptingObjects (0ms)
		CreateAndSetChildDomain (1ms)
	RebuildCommonClasses (32ms)
	RebuildNativeTypeToScriptingClass (8ms)
	initialDomainReloadingComplete (57ms)
	LoadAllAssembliesAndSetupDomain (133ms)
		LoadAssemblies (75ms)
		RebuildTransferFunctionScriptingTraits (0ms)
		AnalyzeDomain (126ms)
			TypeCache.Refresh (125ms)
				TypeCache.ScanAssembly (115ms)
			ScanForSourceGeneratedMonoScriptInfo (0ms)
			ResolveRequiredComponents (0ms)
	FinalizeReload (2520ms)
		ReleaseScriptCaches (0ms)
		RebuildScriptCaches (0ms)
		SetupLoadedEditorAssemblies (2467ms)
			LogAssemblyErrors (0ms)
			InitializePlatformSupportModulesInManaged (2327ms)
			SetLoadedEditorAssemblies (3ms)
			RefreshPlugins (0ms)
			BeforeProcessingInitializeOnLoad (2ms)
			ProcessInitializeOnLoadAttributes (92ms)
			ProcessInitializeOnLoadMethodAttributes (43ms)
			AfterProcessingInitializeOnLoad (0ms)
			EditorAssembliesLoaded (0ms)
		ExecutionOrderSort2 (0ms)
		AwakeInstancesAfterBackupRestoration (0ms)
========================================================================
Worker process is ready to serve import requests
Begin MonoManager ReloadAssembly
- Loaded All Assemblies, in  0.378 seconds
Refreshing native plugins compatible for Editor in 0.00 ms, found 0 plugins.
Native extension for WindowsStandalone target not found
Native extension for Android target not found
Native extension for WebGL target not found
Mono: successfully reloaded assembly
- Finished resetting the current domain, in  0.310 seconds
Domain Reload Profiling: 687ms
	BeginReloadAssembly (130ms)
		ExecutionOrderSort (0ms)
		DisableScriptedObjects (4ms)
		BackupInstance (0ms)
		ReleaseScriptingObjects (0ms)
		CreateAndSetChildDomain (24ms)
	RebuildCommonClasses (38ms)
	RebuildNativeTypeToScriptingClass (10ms)
	initialDomainReloadingComplete (25ms)
	LoadAllAssembliesAndSetupDomain (174ms)
		LoadAssemblies (76ms)
		RebuildTransferFunctionScriptingTraits (0ms)
		AnalyzeDomain (167ms)
			TypeCache.Refresh (166ms)
				TypeCache.ScanAssembly (158ms)
			ScanForSourceGeneratedMonoScriptInfo (0ms)
			ResolveRequiredComponents (0ms)
	FinalizeReload (310ms)
		ReleaseScriptCaches (0ms)
		RebuildScriptCaches (0ms)
		SetupLoadedEditorAssemblies (183ms)
			LogAssemblyErrors (0ms)
			InitializePlatformSupportModulesInManaged (22ms)
			SetLoadedEditorAssemblies (5ms)
			RefreshPlugins (0ms)
			BeforeProcessingInitializeOnLoad (24ms)
			ProcessInitializeOnLoadAttributes (110ms)
			ProcessInitializeOnLoadMethodAttributes (15ms)
			AfterProcessingInitializeOnLoad (7ms)
			EditorAssembliesLoaded (0ms)
		ExecutionOrderSort2 (0ms)
		AwakeInstancesAfterBackupRestoration (5ms)
Launched and connected shader compiler UnityShaderCompiler.exe after 0.03 seconds
Refreshing native plugins compatible for Editor in 0.00 ms, found 0 plugins.
Preloading 0 native plugins for Editor in 0.00 ms.
Unloading 7 Unused Serialized files (Serialized files now loaded: 0)
Unloading 3 unused Assets / (42.2 KB). Loaded Objects now: 482.
Memory consumption went from 50.9 MB to 50.9 MB.
Total: 2.578200 ms (FindLiveObjects: 0.031600 ms CreateObjectMapping: 0.004200 ms MarkObjects: 2.473000 ms  DeleteObjects: 0.068400 ms)

AssetImportParameters requested are different than current active one (requested -> active):
  custom:video-decoder-ogg-theora: a1e56fd34408186e4bbccfd4996cb3dc -> 
  custom:container-muxer-webm: aa71ff27fc2769a1b78a27578f13a17b -> 
  custom:container-demuxer-webm: 4f35f7cbe854078d1ac9338744f61a02 -> 
  custom:video-encoder-webm-vp8: eb34c28f22e8b96e1ab97ce403110664 -> 
  custom:video-codec-MediaFoundation-h265: e54d7ab0439102e2317fc1e4b246158d -> 
  custom:audio-encoder-webm-vorbis: bf7c407c2cedff20999df2af8eb42d56 -> 
  custom:framework-win-MediaFoundation: 216162199b28c13a410421893ffa2e32 -> 
  custom:container-demuxer-ogg: 62fdf1f143b41e24485cea50d1cbac27 -> 
  custom:video-decoder-webm-vp8: 9c59270c3fd7afecdb556c50c9e8de78 -> 
  custom:audio-decoder-ogg-vorbis: bf7c407c2cedff20999df2af8eb42d56 -> 
  custom:AudioImporter_EditorPlatform: d09bf68614088b80899f8185d706f6e7 -> 
========================================================================
Received Import Request.
  Time since last request: 39616.287112 seconds.
  path: Assets/0046.png
  artifactKey: Guid(23e89a6f2610ed347aa123229006b022) Importer(815301076,1909f56bfc062723c751e8b465ee728b)
Start importing Assets/0046.png using Guid(23e89a6f2610ed347aa123229006b022) Importer(815301076,1909f56bfc062723c751e8b465ee728b)  -> (artifact id: 'ea6f4111ac392fe907ce3da4b2822e69') in 0.078058 seconds
Number of updated asset objects reloaded before import = 0
Number of asset objects unloaded after import = 3
========================================================================
Received Import Request.
  Time since last request: 0.000019 seconds.
  path: Assets/0033.png
  artifactKey: Guid(db984eb97686ab049a49e76ee61aed76) Importer(815301076,1909f56bfc062723c751e8b465ee728b)
Start importing Assets/0033.png using Guid(db984eb97686ab049a49e76ee61aed76) Importer(815301076,1909f56bfc062723c751e8b465ee728b)  -> (artifact id: '23d918cf42fb1b85e298868be21dd069') in 0.011484 seconds
Number of updated asset objects reloaded before import = 0
Number of asset objects unloaded after import = 3
========================================================================
Received Import Request.
  Time since last request: 0.000018 seconds.
  path: Assets/0016.png
  artifactKey: Guid(f70a035828d11d740964416f41252288) Importer(815301076,1909f56bfc062723c751e8b465ee728b)
Start importing Assets/0016.png using Guid(f70a035828d11d740964416f41252288) Importer(815301076,1909f56bfc062723c751e8b465ee728b)  -> (artifact id: '7855c9bd80498ea9c2a683ebc78bc199') in 0.011923 seconds
Number of updated asset objects reloaded before import = 0
Number of asset objects unloaded after import = 3
========================================================================
Received Import Request.
  Time since last request: 0.000012 seconds.
  path: Assets/0027.png
  artifactKey: Guid(7c9ba018433e09f4396bdc70953670cb) Importer(815301076,1909f56bfc062723c751e8b465ee728b)
Start importing Assets/0027.png using Guid(7c9ba018433e09f4396bdc70953670cb) Importer(815301076,1909f56bfc062723c751e8b465ee728b)  -> (artifact id: 'af438e7386328e69785b3008cce8cff4') in 0.011065 seconds
Number of updated asset objects reloaded before import = 0
Number of asset objects unloaded after import = 3
========================================================================
Received Import Request.
  Time since last request: 0.000019 seconds.
  path: Assets/0053.png
  artifactKey: Guid(83a4434d8be20ed4ca41b28cc38302d5) Importer(815301076,1909f56bfc062723c751e8b465ee728b)
Start importing Assets/0053.png using Guid(83a4434d8be20ed4ca41b28cc38302d5) Importer(815301076,1909f56bfc062723c751e8b465ee728b)  -> (artifact id: '0b9e50c1ae82fc426b623a508d09c3b7') in 0.012076 seconds
Number of updated asset objects reloaded before import = 0
Number of asset objects unloaded after import = 3
========================================================================
Received Import Request.
  Time since last request: 0.000013 seconds.
  path: Assets/0049.png
  artifactKey: Guid(4af532868b3a25047847e95f05d47ef8) Importer(815301076,1909f56bfc062723c751e8b465ee728b)
Start importing Assets/0049.png using Guid(4af532868b3a25047847e95f05d47ef8) Importer(815301076,1909f56bfc062723c751e8b465ee728b)  -> (artifact id: 'e408ad8e284d232900bfdae1e15ad347') in 0.011600 seconds
Number of updated asset objects reloaded before import = 0
Number of asset objects unloaded after import = 3
========================================================================
Received Import Request.
  Time since last request: 0.000013 seconds.
  path: Assets/0070.png
  artifactKey: Guid(ba6551c5a26dd7f4e91ede493af2f33c) Importer(815301076,1909f56bfc062723c751e8b465ee728b)
Start importing Assets/0070.png using Guid(ba6551c5a26dd7f4e91ede493af2f33c) Importer(815301076,1909f56bfc062723c751e8b465ee728b)  -> (artifact id: '0dd2b6f4021239e3875b41a16727a890') in 0.012251 seconds
Number of updated asset objects reloaded before import = 0
Number of asset objects unloaded after import = 3
========================================================================
Received Import Request.
  Time since last request: 0.000014 seconds.
  path: Assets/0013.png
  artifactKey: Guid(195cd0456ae932d4fae029484f5307d6) Importer(815301076,1909f56bfc062723c751e8b465ee728b)
Start importing Assets/0013.png using Guid(195cd0456ae932d4fae029484f5307d6) Importer(815301076,1909f56bfc062723c751e8b465ee728b)  -> (artifact id: 'dbe85ca609f5bbcc53bf930f83054851') in 0.013444 seconds
Number of updated asset objects reloaded before import = 0
Number of asset objects unloaded after import = 3
========================================================================
Received Import Request.
  Time since last request: 0.000013 seconds.
  path: Assets/0045.png
  artifactKey: Guid(76211cf62c8f0394b96d9e3369536959) Importer(815301076,1909f56bfc062723c751e8b465ee728b)
Start importing Assets/0045.png using Guid(76211cf62c8f0394b96d9e3369536959) Importer(815301076,1909f56bfc062723c751e8b465ee728b)  -> (artifact id: '56298e7b2e909fec550e4c518fb73530') in 0.011775 seconds
Number of updated asset objects reloaded before import = 0
Number of asset objects unloaded after import = 3
========================================================================
Received Import Request.
  Time since last request: 0.000014 seconds.
  path: Assets/0057.png
  artifactKey: Guid(bd95d3c33dabfab46b8da3bd38d630cc) Importer(815301076,1909f56bfc062723c751e8b465ee728b)
Start importing Assets/0057.png using Guid(bd95d3c33dabfab46b8da3bd38d630cc) Importer(815301076,1909f56bfc062723c751e8b465ee728b)  -> (artifact id: '03552cc3d8d5327a22db3574d8954f8f') in 0.011179 seconds
Number of updated asset objects reloaded before import = 0
Number of asset objects unloaded after import = 3
========================================================================
Received Import Request.
  Time since last request: 0.000012 seconds.
  path: Assets/0064.png
  artifactKey: Guid(57f50ef1e8d0734429a2fe64e542382d) Importer(815301076,1909f56bfc062723c751e8b465ee728b)
Start importing Assets/0064.png using Guid(57f50ef1e8d0734429a2fe64e542382d) Importer(815301076,1909f56bfc062723c751e8b465ee728b)  -> (artifact id: 'c153ce34f516f1551d5099038f8491c6') in 0.012677 seconds
Number of updated asset objects reloaded before import = 0
Number of asset objects unloaded after import = 3
========================================================================
Received Import Request.
  Time since last request: 0.000013 seconds.
  path: Assets/0074.png
  artifactKey: Guid(89779c9d456b6964a8b3438e6aa217f0) Importer(815301076,1909f56bfc062723c751e8b465ee728b)
Start importing Assets/0074.png using Guid(89779c9d456b6964a8b3438e6aa217f0) Importer(815301076,1909f56bfc062723c751e8b465ee728b)  -> (artifact id: '4ddd76eedbb3a5240545fa03a18d16f8') in 0.012885 seconds
Number of updated asset objects reloaded before import = 0
Number of asset objects unloaded after import = 3
========================================================================
Received Import Request.
  Time since last request: 0.000021 seconds.
  path: Assets/0047.png
  artifactKey: Guid(eeb93ae8f5712384b95bfd4fccdc05cc) Importer(815301076,1909f56bfc062723c751e8b465ee728b)
Start importing Assets/0047.png using Guid(eeb93ae8f5712384b95bfd4fccdc05cc) Importer(815301076,1909f56bfc062723c751e8b465ee728b)  -> (artifact id: '5589b2b28b2265b5788435dce8b2aa16') in 0.012752 seconds
Number of updated asset objects reloaded before import = 0
Number of asset objects unloaded after import = 3
========================================================================
Received Import Request.
  Time since last request: 0.000017 seconds.
  path: Assets/0041.png
  artifactKey: Guid(96b1b58a8b86ef4418432e5710afd552) Importer(815301076,1909f56bfc062723c751e8b465ee728b)
Start importing Assets/0041.png using Guid(96b1b58a8b86ef4418432e5710afd552) Importer(815301076,1909f56bfc062723c751e8b465ee728b)  -> (artifact id: '105cbef22a81c9210e069e9c140cb531') in 0.011164 seconds
Number of updated asset objects reloaded before import = 0
Number of asset objects unloaded after import = 3
========================================================================
Received Import Request.
  Time since last request: 0.000016 seconds.
  path: Assets/0063.png
  artifactKey: Guid(8e3cada651f18c34eb4f67d506819bc2) Importer(815301076,1909f56bfc062723c751e8b465ee728b)
Start importing Assets/0063.png using Guid(8e3cada651f18c34eb4f67d506819bc2) Importer(815301076,1909f56bfc062723c751e8b465ee728b)  -> (artifact id: 'd171d529a8769f92949536bb504f47c2') in 0.012252 seconds
Number of updated asset objects reloaded before import = 0
Number of asset objects unloaded after import = 3
========================================================================
Received Import Request.
  Time since last request: 0.000026 seconds.
  path: Assets/0073.png
  artifactKey: Guid(b086d7bc90d16994d9399149d9835ba7) Importer(815301076,1909f56bfc062723c751e8b465ee728b)
Start importing Assets/0073.png using Guid(b086d7bc90d16994d9399149d9835ba7) Importer(815301076,1909f56bfc062723c751e8b465ee728b)  -> (artifact id: 'db3d6d6109cfbf1f9b1caeba70e96185') in 0.015287 seconds
Number of updated asset objects reloaded before import = 0
Number of asset objects unloaded after import = 3
========================================================================
Received Import Request.
  Time since last request: 0.000021 seconds.
  path: Assets/0003.png
  artifactKey: Guid(6b670cdf2c9a122449b3b1e8774889ea) Importer(815301076,1909f56bfc062723c751e8b465ee728b)
Start importing Assets/0003.png using Guid(6b670cdf2c9a122449b3b1e8774889ea) Importer(815301076,1909f56bfc062723c751e8b465ee728b)  -> (artifact id: 'b3801f3cc09b6bff65587378837d1d14') in 0.007885 seconds
Number of updated asset objects reloaded before import = 0
Number of asset objects unloaded after import = 3
========================================================================
Received Import Request.
  Time since last request: 0.000019 seconds.
  path: Assets/0026.png
  artifactKey: Guid(da125a97a90d586409a35a79b9f4aac0) Importer(815301076,1909f56bfc062723c751e8b465ee728b)
Start importing Assets/0026.png using Guid(da125a97a90d586409a35a79b9f4aac0) Importer(815301076,1909f56bfc062723c751e8b465ee728b)  -> (artifact id: 'fea30b97816e8014e841b780b5ab04ea') in 0.015646 seconds
Number of updated asset objects reloaded before import = 0
Number of asset objects unloaded after import = 3
========================================================================
Received Import Request.
  Time since last request: 0.000016 seconds.
  path: Assets/0040.png
  artifactKey: Guid(e9a5ec2987b381b45b99be46991846d9) Importer(815301076,1909f56bfc062723c751e8b465ee728b)
Start importing Assets/0040.png using Guid(e9a5ec2987b381b45b99be46991846d9) Importer(815301076,1909f56bfc062723c751e8b465ee728b)  -> (artifact id: '0b68437a155054aa5454347dfcf8da96') in 0.014800 seconds
Number of updated asset objects reloaded before import = 0
Number of asset objects unloaded after import = 3
========================================================================
Received Import Request.
  Time since last request: 0.000022 seconds.
  path: Assets/0056.png
  artifactKey: Guid(7c89fa618515d644eb9041540061d5eb) Importer(815301076,1909f56bfc062723c751e8b465ee728b)
Start importing Assets/0056.png using Guid(7c89fa618515d644eb9041540061d5eb) Importer(815301076,1909f56bfc062723c751e8b465ee728b)  -> (artifact id: 'e1d80debd068a36ae4f67a82e4022626') in 0.015563 seconds
Number of updated asset objects reloaded before import = 0
Number of asset objects unloaded after import = 3
========================================================================
Received Import Request.
  Time since last request: 0.000022 seconds.
  path: Assets/0043.png
  artifactKey: Guid(7ce6437cbae0eb64fb8132c22561480a) Importer(815301076,1909f56bfc062723c751e8b465ee728b)
Start importing Assets/0043.png using Guid(7ce6437cbae0eb64fb8132c22561480a) Importer(815301076,1909f56bfc062723c751e8b465ee728b)  -> (artifact id: 'def35c504b236c6e6214dbcf55960c10') in 0.012567 seconds
Number of updated asset objects reloaded before import = 0
Number of asset objects unloaded after import = 3
========================================================================
Received Import Request.
  Time since last request: 0.000013 seconds.
  path: Assets/0022.png
  artifactKey: Guid(0b4b5971fa2e5a34f841f33782b65dc0) Importer(815301076,1909f56bfc062723c751e8b465ee728b)
Start importing Assets/0022.png using Guid(0b4b5971fa2e5a34f841f33782b65dc0) Importer(815301076,1909f56bfc062723c751e8b465ee728b)  -> (artifact id: '4a7efea039ee986d564c2f5bfbb1bb95') in 0.011794 seconds
Number of updated asset objects reloaded before import = 0
Number of asset objects unloaded after import = 3
========================================================================
Received Import Request.
  Time since last request: 0.000020 seconds.
  path: Assets/0080.png
  artifactKey: Guid(294c5b4083dfd6a4d9de2342752f8b2b) Importer(815301076,1909f56bfc062723c751e8b465ee728b)
Start importing Assets/0080.png using Guid(294c5b4083dfd6a4d9de2342752f8b2b) Importer(815301076,1909f56bfc062723c751e8b465ee728b)  -> (artifact id: 'da7491feb04864480891f67c5571e964') in 0.013773 seconds
Number of updated asset objects reloaded before import = 0
Number of asset objects unloaded after import = 3
========================================================================
Received Import Request.
  Time since last request: 0.000016 seconds.
  path: Assets/0042.png
  artifactKey: Guid(8974cd4445c244944862dae87f20ba3e) Importer(815301076,1909f56bfc062723c751e8b465ee728b)
Start importing Assets/0042.png using Guid(8974cd4445c244944862dae87f20ba3e) Importer(815301076,1909f56bfc062723c751e8b465ee728b)  -> (artifact id: '741cf356f00b3b09c70225e2d0d4fb46') in 0.015576 seconds
Number of updated asset objects reloaded before import = 0
Number of asset objects unloaded after import = 3
========================================================================
Received Import Request.
  Time since last request: 0.000135 seconds.
  path: Assets/0002.png
  artifactKey: Guid(dafc60406b272d04a9c290286f7a8022) Importer(815301076,1909f56bfc062723c751e8b465ee728b)
Start importing Assets/0002.png using Guid(dafc60406b272d04a9c290286f7a8022) Importer(815301076,1909f56bfc062723c751e8b465ee728b)  -> (artifact id: '881eebbe5791884dba3bdd69f7c4b1d3') in 0.008446 seconds
Number of updated asset objects reloaded before import = 0
Number of asset objects unloaded after import = 3
========================================================================
Received Import Request.
  Time since last request: 0.000015 seconds.
  path: Assets/0005.png
  artifactKey: Guid(d2822c23e32968b4c9a201c4a2e00c2f) Importer(815301076,1909f56bfc062723c751e8b465ee728b)
Start importing Assets/0005.png using Guid(d2822c23e32968b4c9a201c4a2e00c2f) Importer(815301076,1909f56bfc062723c751e8b465ee728b)  -> (artifact id: 'be04addce5dbf22ee02046fc43d6744e') in 0.006128 seconds
Number of updated asset objects reloaded before import = 0
Number of asset objects unloaded after import = 3
========================================================================
Received Import Request.
  Time since last request: 0.000015 seconds.
  path: Assets/0015.png
  artifactKey: Guid(b3b322dc5f9ec514682b6cb715757f49) Importer(815301076,1909f56bfc062723c751e8b465ee728b)
Start importing Assets/0015.png using Guid(b3b322dc5f9ec514682b6cb715757f49) Importer(815301076,1909f56bfc062723c751e8b465ee728b)  -> (artifact id: '95bc6086dca1b80ebe0e8268e38b60b4') in 0.017470 seconds
Number of updated asset objects reloaded before import = 0
Number of asset objects unloaded after import = 3
========================================================================
Received Prepare
Refreshing native plugins compatible for Editor in 0.00 ms, found 0 plugins.
Preloading 0 native plugins for Editor in 0.00 ms.
Unloading 0 Unused Serialized files (Serialized files now loaded: 0)
Unloading 1 unused Assets / (0.8 KB). Loaded Objects now: 488.
Memory consumption went from 49.8 MB to 49.8 MB.
Total: 1.867800 ms (FindLiveObjects: 0.032300 ms CreateObjectMapping: 0.003700 ms MarkObjects: 1.816000 ms  DeleteObjects: 0.015000 ms)

Prepare: number of updated asset objects reloaded= 0
AssetImportParameters requested are different than current active one (requested -> active):
  custom:video-decoder-ogg-theora: a1e56fd34408186e4bbccfd4996cb3dc -> 
  custom:container-muxer-webm: aa71ff27fc2769a1b78a27578f13a17b -> 
  custom:container-demuxer-webm: 4f35f7cbe854078d1ac9338744f61a02 -> 
  custom:video-encoder-webm-vp8: eb34c28f22e8b96e1ab97ce403110664 -> 
  custom:video-codec-MediaFoundation-h265: e54d7ab0439102e2317fc1e4b246158d -> 
  custom:CustomObjectIndexerAttribute: 756ad292c208cfabdd7b50bc23989ffe -> 
  custom:audio-encoder-webm-vorbis: bf7c407c2cedff20999df2af8eb42d56 -> 
  custom:framework-win-MediaFoundation: 216162199b28c13a410421893ffa2e32 -> 
  custom:container-demuxer-ogg: 62fdf1f143b41e24485cea50d1cbac27 -> 
  custom:video-decoder-webm-vp8: 9c59270c3fd7afecdb556c50c9e8de78 -> 
  custom:audio-decoder-ogg-vorbis: bf7c407c2cedff20999df2af8eb42d56 -> 
  custom:AudioImporter_EditorPlatform: d09bf68614088b80899f8185d706f6e7 -> 
